TN:
SF:/Users/meron/Documents/private/gurps/gurpsDomain/GurpsyMcGurpsFace/src/polyfills.ts
FNF:0
FNH:0
DA:45,1
DA:46,1
DA:57,1
LF:3
LH:3
BRF:0
BRH:0
end_of_record
TN:
SF:/Users/meron/Documents/private/gurps/gurpsDomain/GurpsyMcGurpsFace/src/test.ts
FN:20,(anonymous_0)
FNF:1
FNH:1
FNDA:1,(anonymous_0)
DA:3,1
DA:4,1
DA:5,1
DA:6,1
DA:7,1
DA:8,1
DA:9,1
DA:10,1
DA:20,1
DA:23,1
DA:28,1
DA:30,1
DA:32,1
LF:13
LH:13
BRF:0
BRH:0
end_of_record
TN:
SF:/Users/meron/Documents/private/gurps/gurpsDomain/GurpsyMcGurpsFace/src/app/gurpsy.component.ts
FN:20,(anonymous_2)
FN:40,GurpsyComponent
FN:54,(anonymous_4)
FN:63,(anonymous_5)
FN:77,(anonymous_6)
FN:91,(anonymous_7)
FN:105,(anonymous_8)
FN:121,(anonymous_9)
FN:125,(anonymous_10)
FN:126,(anonymous_11)
FN:130,(anonymous_12)
FN:132,(anonymous_13)
FN:133,(anonymous_14)
FN:134,(anonymous_15)
FN:137,(anonymous_16)
FN:138,(anonymous_17)
FN:141,(anonymous_18)
FN:151,(anonymous_19)
FN:152,(anonymous_20)
FN:159,(anonymous_21)
FNF:20
FNH:3
FNDA:1,(anonymous_2)
FNDA:1,GurpsyComponent
FNDA:0,(anonymous_4)
FNDA:0,(anonymous_5)
FNDA:0,(anonymous_6)
FNDA:0,(anonymous_7)
FNDA:0,(anonymous_8)
FNDA:0,(anonymous_9)
FNDA:0,(anonymous_10)
FNDA:0,(anonymous_11)
FNDA:0,(anonymous_12)
FNDA:0,(anonymous_13)
FNDA:0,(anonymous_14)
FNDA:0,(anonymous_15)
FNDA:0,(anonymous_16)
FNDA:0,(anonymous_17)
FNDA:0,(anonymous_18)
FNDA:0,(anonymous_19)
FNDA:0,(anonymous_20)
FNDA:1,(anonymous_21)
DA:1,1
DA:2,1
DA:3,1
DA:4,1
DA:5,1
DA:6,1
DA:7,1
DA:8,1
DA:9,1
DA:10,1
DA:11,1
DA:12,1
DA:20,1
DA:22,1
DA:23,1
DA:25,1
DA:26,1
DA:27,1
DA:28,1
DA:29,1
DA:30,1
DA:40,1
DA:41,1
DA:42,1
DA:43,1
DA:44,1
DA:45,1
DA:46,1
DA:47,1
DA:48,1
DA:49,1
DA:51,1
DA:54,1
DA:55,0
DA:56,0
DA:57,0
DA:63,1
DA:64,0
DA:69,0
DA:77,1
DA:78,0
DA:83,0
DA:91,1
DA:92,0
DA:97,0
DA:105,1
DA:106,0
DA:111,0
DA:121,1
DA:122,0
DA:125,1
DA:126,0
DA:127,0
DA:130,1
DA:131,0
DA:132,0
DA:133,0
DA:134,0
DA:137,1
DA:138,0
DA:141,1
DA:142,0
DA:143,0
DA:144,0
DA:147,0
DA:148,0
DA:151,1
DA:152,0
DA:153,0
DA:159,1
DA:160,1
DA:163,1
DA:166,1
DA:170,1
LF:74
LH:48
BRDA:142,0,0,0
BRDA:142,0,1,0
BRDA:142,1,0,0
BRDA:142,1,1,0
BRDA:40,2,0,1
BRDA:40,2,1,0
BRDA:40,3,0,1
BRDA:40,4,0,1
BRDA:40,4,1,1
BRDA:40,4,2,0
BRDA:40,5,0,1
BRDA:40,5,1,1
BRDA:41,6,0,1
BRDA:41,6,1,1
BRDA:41,6,2,0
BRDA:41,7,0,1
BRDA:41,7,1,1
BRDA:42,8,0,1
BRDA:42,8,1,1
BRDA:42,8,2,0
BRDA:42,9,0,1
BRDA:42,9,1,1
BRDA:43,10,0,1
BRDA:43,10,1,1
BRDA:43,10,2,0
BRDA:43,11,0,1
BRDA:43,11,1,1
BRDA:44,12,0,1
BRDA:44,12,1,1
BRDA:44,12,2,0
BRDA:44,13,0,1
BRDA:44,13,1,1
BRDA:45,14,0,1
BRDA:45,14,1,1
BRDA:45,14,2,0
BRDA:45,15,0,1
BRDA:45,15,1,1
BRDA:46,16,0,1
BRDA:46,16,1,1
BRDA:46,16,2,0
BRDA:46,17,0,1
BRDA:46,17,1,1
BRDA:47,18,0,1
BRDA:47,18,1,1
BRDA:47,18,2,0
BRDA:47,19,0,1
BRDA:47,19,1,1
BRDA:48,20,0,1
BRDA:48,20,1,1
BRDA:48,20,2,0
BRDA:48,21,0,1
BRDA:48,21,1,1
BRF:52
BRH:38
end_of_record
TN:
SF:/Users/meron/Documents/private/gurps/gurpsDomain/GurpsyMcGurpsFace/src/app/components/book-viewer/book-viewer.component.ts
FN:8,(anonymous_2)
FN:16,BookViewerComponent
FN:19,(anonymous_4)
FN:28,(anonymous_5)
FN:35,(anonymous_6)
FN:44,(anonymous_7)
FN:53,(anonymous_8)
FN:60,(anonymous_9)
FN:67,(anonymous_10)
FN:74,(anonymous_11)
FN:78,(anonymous_12)
FNF:11
FNH:4
FNDA:1,(anonymous_2)
FNDA:1,BookViewerComponent
FNDA:1,(anonymous_4)
FNDA:0,(anonymous_5)
FNDA:0,(anonymous_6)
FNDA:0,(anonymous_7)
FNDA:0,(anonymous_8)
FNDA:0,(anonymous_9)
FNDA:0,(anonymous_10)
FNDA:0,(anonymous_11)
FNDA:1,(anonymous_12)
DA:1,1
DA:2,1
DA:8,1
DA:10,1
DA:11,1
DA:12,1
DA:16,1
DA:19,1
DA:20,1
DA:28,1
DA:29,0
DA:35,1
DA:36,0
DA:37,0
DA:44,1
DA:45,0
DA:46,0
DA:53,1
DA:54,0
DA:60,1
DA:61,0
DA:67,1
DA:68,0
DA:74,1
DA:75,0
DA:78,1
DA:79,1
DA:81,1
DA:82,0
DA:84,0
DA:87,1
LF:31
LH:20
BRDA:36,0,0,0
BRDA:36,0,1,0
BRDA:45,1,0,0
BRDA:45,1,1,0
BRDA:81,2,0,0
BRDA:81,2,1,1
BRDA:16,3,0,1
BRDA:16,3,1,0
BRDA:16,4,0,1
BRF:9
BRH:3
end_of_record
TN:
SF:/Users/meron/Documents/private/gurps/gurpsDomain/GurpsyMcGurpsFace/src/app/components/dialog/about-dialog/about-dialog.component.ts
FN:8,(anonymous_1)
FN:8,AboutDialogComponent
FNF:2
FNH:1
FNDA:1,(anonymous_1)
FNDA:0,AboutDialogComponent
DA:1,1
DA:8,1
DA:9,1
LF:3
LH:3
BRF:0
BRH:0
end_of_record
TN:
SF:/Users/meron/Documents/private/gurps/gurpsDomain/GurpsyMcGurpsFace/src/app/components/dialog/dice-dialog/dice-dialog.component.ts
FN:12,(anonymous_2)
FN:12,DiceDialogComponent
FN:17,(anonymous_4)
FN:26,(anonymous_5)
FN:30,(anonymous_6)
FN:34,(anonymous_7)
FN:53,(anonymous_8)
FN:57,(anonymous_9)
FN:61,(anonymous_10)
FN:69,(anonymous_11)
FN:71,render
FN:78,(anonymous_13)
FN:84,(anonymous_14)
FN:88,(anonymous_15)
FNF:14
FNH:1
FNDA:1,(anonymous_2)
FNDA:0,DiceDialogComponent
FNDA:0,(anonymous_4)
FNDA:0,(anonymous_5)
FNDA:0,(anonymous_6)
FNDA:0,(anonymous_7)
FNDA:0,(anonymous_8)
FNDA:0,(anonymous_9)
FNDA:0,(anonymous_10)
FNDA:0,(anonymous_11)
FNDA:0,render
FNDA:0,(anonymous_13)
FNDA:0,(anonymous_14)
FNDA:0,(anonymous_15)
DA:1,1
DA:2,1
DA:3,1
DA:4,1
DA:5,1
DA:12,1
DA:15,1
DA:17,1
DA:18,0
DA:19,0
DA:20,0
DA:21,0
DA:22,0
DA:23,0
DA:26,1
DA:27,0
DA:30,1
DA:31,0
DA:34,1
DA:35,0
DA:38,0
DA:39,0
DA:40,0
DA:42,0
DA:43,0
DA:44,0
DA:46,0
DA:47,0
DA:48,0
DA:50,0
DA:53,1
DA:54,0
DA:57,1
DA:58,0
DA:61,1
DA:62,0
DA:63,0
DA:64,0
DA:66,0
DA:69,1
DA:70,0
DA:71,0
DA:72,0
DA:73,0
DA:74,0
DA:78,1
DA:79,0
DA:80,0
DA:84,1
DA:85,0
DA:88,1
DA:89,0
DA:91,1
LF:53
LH:19
BRDA:15,0,0,1
BRDA:15,0,1,0
BRDA:15,1,0,1
BRF:3
BRH:2
end_of_record
TN:
SF:/Users/meron/Documents/private/gurps/gurpsDomain/GurpsyMcGurpsFace/src/app/components/dialog/open-sheet-dialog/open-sheet-dialog.component.ts
FN:15,(anonymous_2)
FN:24,OpenSheetDialogComponent
FN:31,(anonymous_4)
FN:36,(anonymous_5)
FN:39,(anonymous_6)
FN:42,(anonymous_7)
FN:46,(anonymous_8)
FN:48,(anonymous_9)
FN:51,(anonymous_10)
FN:55,(anonymous_11)
FNF:10
FNH:1
FNDA:1,(anonymous_2)
FNDA:0,OpenSheetDialogComponent
FNDA:0,(anonymous_4)
FNDA:0,(anonymous_5)
FNDA:0,(anonymous_6)
FNDA:0,(anonymous_7)
FNDA:0,(anonymous_8)
FNDA:0,(anonymous_9)
FNDA:0,(anonymous_10)
FNDA:0,(anonymous_11)
DA:1,1
DA:2,1
DA:3,1
DA:4,1
DA:15,1
DA:17,0
DA:18,0
DA:20,0
DA:22,0
DA:24,0
DA:25,0
DA:26,0
DA:28,0
DA:31,1
DA:32,0
DA:33,0
DA:36,1
DA:37,0
DA:38,0
DA:39,0
DA:42,1
DA:43,0
DA:46,1
DA:47,0
DA:48,0
DA:51,1
DA:52,0
DA:55,1
DA:56,0
DA:57,0
DA:58,0
DA:60,1
LF:32
LH:12
BRDA:24,0,0,1
BRDA:24,0,1,0
BRDA:24,1,0,1
BRDA:24,2,0,1
BRDA:24,2,1,1
BRDA:24,2,2,0
BRDA:24,3,0,1
BRDA:24,3,1,1
BRDA:25,4,0,1
BRDA:25,4,1,1
BRDA:25,4,2,0
BRDA:25,5,0,1
BRDA:25,5,1,1
BRF:13
BRH:10
end_of_record
TN:
SF:/Users/meron/Documents/private/gurps/gurpsDomain/GurpsyMcGurpsFace/src/app/components/dialog/settings-dialog/settings-dialog.component.ts
FN:13,(anonymous_2)
FN:22,SettingsDialogComponent
FN:25,(anonymous_4)
FN:36,(anonymous_5)
FN:43,(anonymous_6)
FN:50,(anonymous_7)
FN:60,(anonymous_8)
FN:67,(anonymous_9)
FN:71,(anonymous_10)
FN:73,(anonymous_11)
FN:74,(anonymous_12)
FN:75,(anonymous_13)
FN:78,(anonymous_14)
FN:80,(anonymous_15)
FN:81,(anonymous_16)
FN:82,(anonymous_17)
FN:85,(anonymous_18)
FN:87,(anonymous_19)
FN:88,(anonymous_20)
FN:89,(anonymous_21)
FN:92,(anonymous_22)
FN:98,(anonymous_23)
FN:102,(anonymous_24)
FNF:23
FNH:1
FNDA:1,(anonymous_2)
FNDA:0,SettingsDialogComponent
FNDA:0,(anonymous_4)
FNDA:0,(anonymous_5)
FNDA:0,(anonymous_6)
FNDA:0,(anonymous_7)
FNDA:0,(anonymous_8)
FNDA:0,(anonymous_9)
FNDA:0,(anonymous_10)
FNDA:0,(anonymous_11)
FNDA:0,(anonymous_12)
FNDA:0,(anonymous_13)
FNDA:0,(anonymous_14)
FNDA:0,(anonymous_15)
FNDA:0,(anonymous_16)
FNDA:0,(anonymous_17)
FNDA:0,(anonymous_18)
FNDA:0,(anonymous_19)
FNDA:0,(anonymous_20)
FNDA:0,(anonymous_21)
FNDA:0,(anonymous_22)
FNDA:0,(anonymous_23)
FNDA:0,(anonymous_24)
DA:1,1
DA:2,1
DA:3,1
DA:13,1
DA:15,0
DA:16,0
DA:20,1
DA:22,0
DA:25,1
DA:26,0
DA:27,0
DA:28,0
DA:36,1
DA:37,0
DA:43,1
DA:44,0
DA:45,0
DA:47,0
DA:50,1
DA:51,0
DA:52,0
DA:54,0
DA:60,1
DA:61,0
DA:67,1
DA:68,0
DA:71,1
DA:72,0
DA:73,0
DA:74,0
DA:75,0
DA:78,1
DA:79,0
DA:80,0
DA:81,0
DA:82,0
DA:85,1
DA:86,0
DA:87,0
DA:88,0
DA:89,0
DA:92,1
DA:93,0
DA:94,0
DA:98,1
DA:99,0
DA:102,1
DA:103,0
DA:105,1
LF:49
LH:18
BRDA:44,0,0,0
BRDA:44,0,1,0
BRDA:51,1,0,0
BRDA:51,1,1,0
BRDA:93,2,0,0
BRDA:93,2,1,0
BRDA:20,3,0,1
BRDA:20,3,1,0
BRDA:20,4,0,1
BRDA:22,5,0,1
BRDA:22,5,1,0
BRDA:22,6,0,1
BRF:12
BRH:4
end_of_record
TN:
SF:/Users/meron/Documents/private/gurps/gurpsDomain/GurpsyMcGurpsFace/src/app/components/generic/book-configuration/book-configuration.component.ts
FN:9,(anonymous_2)
FN:4,BookConfigurationComponent
FN:22,(anonymous_4)
FN:32,(anonymous_5)
FN:45,(anonymous_6)
FN:57,(anonymous_7)
FN:70,(anonymous_8)
FN:74,(anonymous_9)
FNF:8
FNH:1
FNDA:1,(anonymous_2)
FNDA:0,BookConfigurationComponent
FNDA:0,(anonymous_4)
FNDA:0,(anonymous_5)
FNDA:0,(anonymous_6)
FNDA:0,(anonymous_7)
FNDA:0,(anonymous_8)
FNDA:0,(anonymous_9)
DA:1,1
DA:2,1
DA:9,1
DA:11,1
DA:13,1
DA:14,1
DA:15,1
DA:16,1
DA:17,1
DA:19,0
DA:20,0
DA:22,1
DA:23,0
DA:24,0
DA:32,1
DA:33,0
DA:34,0
DA:36,0
DA:45,1
DA:46,0
DA:57,1
DA:60,0
DA:61,0
DA:63,0
DA:70,1
DA:71,0
DA:74,1
DA:75,0
DA:76,0
DA:78,0
DA:80,1
LF:31
LH:16
BRDA:23,0,0,0
BRDA:23,0,1,0
BRDA:33,1,0,0
BRDA:33,1,1,0
BRDA:60,2,0,0
BRDA:60,2,1,0
BRDA:13,3,0,1
BRDA:13,3,1,0
BRDA:13,4,0,1
BRDA:15,5,0,1
BRDA:15,5,1,0
BRDA:15,6,0,1
BRDA:16,7,0,1
BRDA:16,7,1,0
BRDA:16,8,0,1
BRDA:17,9,0,1
BRDA:17,9,1,0
BRDA:17,10,0,1
BRF:18
BRH:8
end_of_record
TN:
SF:/Users/meron/Documents/private/gurps/gurpsDomain/GurpsyMcGurpsFace/src/app/components/generic/books-configuration/books-configuration.component.ts
FN:12,(anonymous_2)
FN:20,BooksConfigurationComponent
FN:24,(anonymous_4)
FN:26,(anonymous_5)
FN:27,(anonymous_6)
FN:30,(anonymous_7)
FN:39,(anonymous_8)
FN:46,(anonymous_9)
FN:56,(anonymous_10)
FN:65,(anonymous_11)
FN:72,(anonymous_12)
FN:79,(anonymous_13)
FN:84,(anonymous_14)
FN:92,(anonymous_15)
FN:93,(anonymous_16)
FN:96,(anonymous_17)
FN:104,(anonymous_18)
FN:114,(anonymous_19)
FN:134,(anonymous_20)
FNF:19
FNH:1
FNDA:1,(anonymous_2)
FNDA:0,BooksConfigurationComponent
FNDA:0,(anonymous_4)
FNDA:0,(anonymous_5)
FNDA:0,(anonymous_6)
FNDA:0,(anonymous_7)
FNDA:0,(anonymous_8)
FNDA:0,(anonymous_9)
FNDA:0,(anonymous_10)
FNDA:0,(anonymous_11)
FNDA:0,(anonymous_12)
FNDA:0,(anonymous_13)
FNDA:0,(anonymous_14)
FNDA:0,(anonymous_15)
FNDA:0,(anonymous_16)
FNDA:0,(anonymous_17)
FNDA:0,(anonymous_18)
FNDA:0,(anonymous_19)
FNDA:0,(anonymous_20)
DA:1,1
DA:2,1
DA:3,1
DA:4,1
DA:5,1
DA:12,1
DA:14,0
DA:15,0
DA:16,0
DA:18,1
DA:20,0
DA:21,0
DA:24,1
DA:25,0
DA:26,0
DA:27,0
DA:30,1
DA:31,0
DA:33,0
DA:39,1
DA:40,0
DA:46,1
DA:47,0
DA:48,0
DA:56,1
DA:57,0
DA:58,0
DA:59,0
DA:65,1
DA:66,0
DA:68,0
DA:69,0
DA:72,1
DA:73,0
DA:74,0
DA:76,0
DA:79,1
DA:80,0
DA:81,0
DA:84,1
DA:85,0
DA:86,0
DA:88,0
DA:92,1
DA:93,0
DA:96,1
DA:97,0
DA:99,0
DA:100,0
DA:104,1
DA:105,0
DA:107,0
DA:108,0
DA:111,0
DA:114,1
DA:115,0
DA:116,0
DA:118,0
DA:119,0
DA:120,0
DA:121,0
DA:122,0
DA:123,0
DA:126,0
DA:127,0
DA:131,0
DA:134,1
DA:135,0
DA:137,1
LF:69
LH:22
BRDA:85,0,0,0
BRDA:85,0,1,0
BRDA:99,1,0,0
BRDA:99,1,1,0
BRDA:121,2,0,0
BRDA:121,2,1,0
BRDA:126,3,0,0
BRDA:126,3,1,0
BRDA:18,4,0,1
BRDA:18,4,1,0
BRDA:18,5,0,1
BRDA:20,6,0,1
BRDA:20,6,1,0
BRDA:20,7,0,1
BRDA:20,8,0,1
BRDA:20,8,1,1
BRDA:20,8,2,0
BRDA:20,9,0,1
BRDA:20,9,1,1
BRF:19
BRH:8
end_of_record
TN:
SF:/Users/meron/Documents/private/gurps/gurpsDomain/GurpsyMcGurpsFace/src/app/components/generic/file-input/file-input.component.ts
FN:8,(anonymous_2)
FN:3,FileInputComponent
FN:17,(anonymous_4)
FN:22,(anonymous_5)
FN:26,(anonymous_6)
FNF:5
FNH:3
FNDA:1,(anonymous_2)
FNDA:1,FileInputComponent
FNDA:0,(anonymous_4)
FNDA:0,(anonymous_5)
FNDA:4,(anonymous_6)
DA:1,1
DA:8,1
DA:10,1
DA:12,1
DA:13,2
DA:17,1
DA:18,0
DA:19,0
DA:22,1
DA:23,0
DA:26,1
DA:27,4
DA:29,1
LF:13
LH:10
BRDA:27,0,0,4
BRDA:27,0,1,0
BRDA:27,0,2,4
BRDA:10,1,0,1
BRDA:10,1,1,0
BRDA:10,2,0,1
BRDA:13,3,0,1
BRDA:13,3,1,0
BRDA:13,4,0,1
BRF:9
BRH:6
end_of_record
TN:
SF:/Users/meron/Documents/private/gurps/gurpsDomain/GurpsyMcGurpsFace/src/app/components/generic/page-reference/page-reference.component.ts
FN:10,(anonymous_2)
FN:16,PageReferenceComponent
FN:19,(anonymous_4)
FN:22,(anonymous_5)
FN:25,(anonymous_6)
FN:29,(anonymous_7)
FN:31,(anonymous_8)
FN:32,(anonymous_9)
FN:35,(anonymous_10)
FNF:9
FNH:6
FNDA:1,(anonymous_2)
FNDA:1,PageReferenceComponent
FNDA:1,(anonymous_4)
FNDA:0,(anonymous_5)
FNDA:0,(anonymous_6)
FNDA:1,(anonymous_7)
FNDA:1,(anonymous_8)
FNDA:0,(anonymous_9)
FNDA:1,(anonymous_10)
DA:1,1
DA:2,1
DA:3,1
DA:10,1
DA:13,1
DA:14,1
DA:16,1
DA:19,1
DA:20,1
DA:21,1
DA:22,0
DA:25,1
DA:26,0
DA:29,1
DA:30,1
DA:31,1
DA:32,0
DA:35,1
DA:36,1
DA:38,1
LF:20
LH:17
BRDA:16,0,0,1
BRDA:16,0,1,0
BRDA:16,1,0,1
BRDA:16,2,0,1
BRDA:16,2,1,1
BRDA:16,2,2,0
BRDA:16,3,0,1
BRDA:16,3,1,1
BRF:8
BRH:6
end_of_record
TN:
SF:/Users/meron/Documents/private/gurps/gurpsDomain/GurpsyMcGurpsFace/src/app/components/sheet/sheet.component.ts
FN:8,(anonymous_1)
FN:8,SheetComponent
FNF:2
FNH:2
FNDA:1,(anonymous_1)
FNDA:1,SheetComponent
DA:1,1
DA:8,1
DA:9,1
LF:3
LH:3
BRF:0
BRH:0
end_of_record
TN:
SF:/Users/meron/Documents/private/gurps/gurpsDomain/GurpsyMcGurpsFace/src/app/components/sheet/reusable/advantages/advantages.component.ts
FN:12,(anonymous_2)
FN:16,AdvantagesComponent
FN:19,(anonymous_4)
FN:21,(anonymous_5)
FNF:4
FNH:3
FNDA:1,(anonymous_2)
FNDA:2,AdvantagesComponent
FNDA:2,(anonymous_4)
FNDA:0,(anonymous_5)
DA:1,1
DA:2,1
DA:12,1
DA:16,2
DA:19,2
DA:20,2
DA:21,2
DA:23,1
LF:8
LH:8
BRDA:16,0,0,1
BRDA:16,0,1,0
BRDA:16,1,0,1
BRF:3
BRH:2
end_of_record
TN:
SF:/Users/meron/Documents/private/gurps/gurpsDomain/GurpsyMcGurpsFace/src/app/components/sheet/reusable/attributes/attributes.component.ts
FN:13,(anonymous_2)
FN:17,AttributesComponent
FN:20,(anonymous_4)
FN:22,(anonymous_5)
FNF:4
FNH:3
FNDA:1,(anonymous_2)
FNDA:3,AttributesComponent
FNDA:3,(anonymous_4)
FNDA:0,(anonymous_5)
DA:1,1
DA:2,1
DA:13,1
DA:17,3
DA:20,3
DA:21,3
DA:22,3
DA:24,1
LF:8
LH:8
BRDA:17,0,0,1
BRDA:17,0,1,0
BRDA:17,1,0,1
BRF:3
BRH:2
end_of_record
TN:
SF:/Users/meron/Documents/private/gurps/gurpsDomain/GurpsyMcGurpsFace/src/app/components/sheet/reusable/description/description.component.ts
FN:11,(anonymous_2)
FN:15,DescriptionComponent
FN:18,(anonymous_4)
FN:20,(anonymous_5)
FNF:4
FNH:3
FNDA:1,(anonymous_2)
FNDA:5,DescriptionComponent
FNDA:2,(anonymous_4)
FNDA:0,(anonymous_5)
DA:1,1
DA:2,1
DA:11,1
DA:15,5
DA:18,2
DA:19,2
DA:20,2
DA:22,1
LF:8
LH:8
BRDA:15,0,0,1
BRDA:15,0,1,0
BRDA:15,1,0,1
BRF:3
BRH:2
end_of_record
TN:
SF:/Users/meron/Documents/private/gurps/gurpsDomain/GurpsyMcGurpsFace/src/app/components/sheet/reusable/disadvantages/disadvantages.component.ts
FN:12,(anonymous_2)
FN:16,DisadvantagesComponent
FN:19,(anonymous_4)
FN:21,(anonymous_5)
FNF:4
FNH:3
FNDA:1,(anonymous_2)
FNDA:2,DisadvantagesComponent
FNDA:2,(anonymous_4)
FNDA:0,(anonymous_5)
DA:1,1
DA:2,1
DA:12,1
DA:16,2
DA:19,2
DA:20,2
DA:21,2
DA:23,1
LF:8
LH:8
BRDA:16,0,0,1
BRDA:16,0,1,0
BRDA:16,1,0,1
BRF:3
BRH:2
end_of_record
TN:
SF:/Users/meron/Documents/private/gurps/gurpsDomain/GurpsyMcGurpsFace/src/app/components/sheet/reusable/encumbrance/encumbrance.component.ts
FN:13,(anonymous_2)
FN:17,EncumbranceComponent
FN:20,(anonymous_4)
FN:22,(anonymous_5)
FNF:4
FNH:3
FNDA:1,(anonymous_2)
FNDA:5,EncumbranceComponent
FNDA:5,(anonymous_4)
FNDA:0,(anonymous_5)
DA:1,1
DA:2,1
DA:13,1
DA:17,5
DA:20,5
DA:21,5
DA:22,5
DA:24,1
LF:8
LH:8
BRDA:17,0,0,1
BRDA:17,0,1,0
BRDA:17,1,0,1
BRF:3
BRH:2
end_of_record
TN:
SF:/Users/meron/Documents/private/gurps/gurpsDomain/GurpsyMcGurpsFace/src/app/components/sheet/reusable/equipment/equipment.component.ts
FN:11,(anonymous_2)
FN:15,EquipmentComponent
FN:18,(anonymous_4)
FN:20,(anonymous_5)
FNF:4
FNH:3
FNDA:1,(anonymous_2)
FNDA:1,EquipmentComponent
FNDA:1,(anonymous_4)
FNDA:0,(anonymous_5)
DA:1,1
DA:2,1
DA:11,1
DA:15,1
DA:18,1
DA:19,1
DA:20,1
DA:22,1
LF:8
LH:8
BRDA:15,0,0,1
BRDA:15,0,1,0
BRDA:15,1,0,1
BRF:3
BRH:2
end_of_record
TN:
SF:/Users/meron/Documents/private/gurps/gurpsDomain/GurpsyMcGurpsFace/src/app/components/sheet/reusable/fatigue-hit/fatigue-hit.component.ts
FN:12,(anonymous_2)
FN:16,FatigueHitComponent
FN:19,(anonymous_4)
FN:21,(anonymous_5)
FNF:4
FNH:3
FNDA:1,(anonymous_2)
FNDA:3,FatigueHitComponent
FNDA:3,(anonymous_4)
FNDA:0,(anonymous_5)
DA:1,1
DA:2,1
DA:12,1
DA:16,3
DA:19,3
DA:20,3
DA:21,3
DA:23,1
LF:8
LH:8
BRDA:16,0,0,1
BRDA:16,0,1,0
BRDA:16,1,0,1
BRF:3
BRH:2
end_of_record
TN:
SF:/Users/meron/Documents/private/gurps/gurpsDomain/GurpsyMcGurpsFace/src/app/components/sheet/reusable/hit-location/hit-location.component.ts
FN:13,(anonymous_2)
FN:17,HitLocationComponent
FN:20,(anonymous_4)
FN:22,(anonymous_5)
FNF:4
FNH:3
FNDA:1,(anonymous_2)
FNDA:3,HitLocationComponent
FNDA:3,(anonymous_4)
FNDA:0,(anonymous_5)
DA:1,1
DA:2,1
DA:13,1
DA:17,3
DA:20,3
DA:21,3
DA:22,3
DA:24,1
LF:8
LH:8
BRDA:17,0,0,1
BRDA:17,0,1,0
BRDA:17,1,0,1
BRF:3
BRH:2
end_of_record
TN:
SF:/Users/meron/Documents/private/gurps/gurpsDomain/GurpsyMcGurpsFace/src/app/components/sheet/reusable/identity/identity.component.ts
FN:10,(anonymous_2)
FN:14,IdentityComponent
FN:17,(anonymous_4)
FN:19,(anonymous_5)
FNF:4
FNH:2
FNDA:1,(anonymous_2)
FNDA:3,IdentityComponent
FNDA:0,(anonymous_4)
FNDA:0,(anonymous_5)
DA:1,1
DA:2,1
DA:10,1
DA:14,3
DA:17,1
DA:18,0
DA:19,0
DA:21,1
LF:8
LH:6
BRDA:14,0,0,1
BRDA:14,0,1,0
BRDA:14,1,0,1
BRF:3
BRH:2
end_of_record
TN:
SF:/Users/meron/Documents/private/gurps/gurpsDomain/GurpsyMcGurpsFace/src/app/components/sheet/reusable/lifting-moving/lifting-moving.component.ts
FN:10,(anonymous_2)
FN:14,LiftingMovingComponent
FN:17,(anonymous_4)
FN:19,(anonymous_5)
FNF:4
FNH:3
FNDA:1,(anonymous_2)
FNDA:5,LiftingMovingComponent
FNDA:5,(anonymous_4)
FNDA:0,(anonymous_5)
DA:1,1
DA:2,1
DA:10,1
DA:14,5
DA:17,5
DA:18,5
DA:19,5
DA:21,1
LF:8
LH:8
BRDA:14,0,0,1
BRDA:14,0,1,0
BRDA:14,1,0,1
BRF:3
BRH:2
end_of_record
TN:
SF:/Users/meron/Documents/private/gurps/gurpsDomain/GurpsyMcGurpsFace/src/app/components/sheet/reusable/notes/notes.component.ts
FN:13,(anonymous_2)
FN:17,NotesComponent
FN:20,(anonymous_4)
FN:22,(anonymous_5)
FNF:4
FNH:3
FNDA:1,(anonymous_2)
FNDA:1,NotesComponent
FNDA:1,(anonymous_4)
FNDA:0,(anonymous_5)
DA:1,1
DA:2,1
DA:13,1
DA:17,1
DA:20,1
DA:21,1
DA:22,1
DA:24,1
LF:8
LH:8
BRDA:17,0,0,1
BRDA:17,0,1,0
BRDA:17,1,0,1
BRF:3
BRH:2
end_of_record
TN:
SF:/Users/meron/Documents/private/gurps/gurpsDomain/GurpsyMcGurpsFace/src/app/components/sheet/reusable/player-information/player-information.component.ts
FN:10,(anonymous_2)
FN:14,PlayerInformationComponent
FN:17,(anonymous_4)
FN:19,(anonymous_5)
FNF:4
FNH:2
FNDA:1,(anonymous_2)
FNDA:3,PlayerInformationComponent
FNDA:0,(anonymous_4)
FNDA:0,(anonymous_5)
DA:1,1
DA:2,1
DA:10,1
DA:14,3
DA:17,1
DA:18,0
DA:19,0
DA:21,1
LF:8
LH:6
BRDA:14,0,0,1
BRDA:14,0,1,0
BRDA:14,1,0,1
BRF:3
BRH:2
end_of_record
TN:
SF:/Users/meron/Documents/private/gurps/gurpsDomain/GurpsyMcGurpsFace/src/app/components/sheet/reusable/points/points.component.ts
FN:12,(anonymous_2)
FN:15,PointsComponent
FN:18,(anonymous_4)
FN:20,(anonymous_5)
FNF:4
FNH:3
FNDA:1,(anonymous_2)
FNDA:5,PointsComponent
FNDA:2,(anonymous_4)
FNDA:0,(anonymous_5)
DA:1,1
DA:2,1
DA:12,1
DA:15,5
DA:18,2
DA:19,2
DA:20,2
DA:23,1
LF:8
LH:8
BRDA:15,0,0,1
BRDA:15,0,1,0
BRDA:15,1,0,1
BRF:3
BRH:2
end_of_record
TN:
SF:/Users/meron/Documents/private/gurps/gurpsDomain/GurpsyMcGurpsFace/src/app/components/sheet/reusable/portrait/portrait.component.ts
FN:12,(anonymous_2)
FN:16,PortraitComponent
FN:19,(anonymous_4)
FN:21,(anonymous_5)
FNF:4
FNH:3
FNDA:1,(anonymous_2)
FNDA:5,PortraitComponent
FNDA:2,(anonymous_4)
FNDA:0,(anonymous_5)
DA:1,1
DA:2,1
DA:12,1
DA:16,5
DA:19,2
DA:20,2
DA:21,2
DA:23,1
LF:8
LH:8
BRDA:16,0,0,1
BRDA:16,0,1,0
BRDA:16,1,0,1
BRF:3
BRH:2
end_of_record
TN:
SF:/Users/meron/Documents/private/gurps/gurpsDomain/GurpsyMcGurpsFace/src/app/components/sheet/reusable/skills/skills.component.ts
FN:13,(anonymous_2)
FN:17,SkillsComponent
FN:20,(anonymous_4)
FN:22,(anonymous_5)
FNF:4
FNH:3
FNDA:1,(anonymous_2)
FNDA:1,SkillsComponent
FNDA:1,(anonymous_4)
FNDA:0,(anonymous_5)
DA:1,1
DA:2,1
DA:13,1
DA:17,1
DA:20,1
DA:21,1
DA:22,1
DA:24,1
LF:8
LH:8
BRDA:17,0,0,1
BRDA:17,0,1,0
BRDA:17,1,0,1
BRF:3
BRH:2
end_of_record
TN:
SF:/Users/meron/Documents/private/gurps/gurpsDomain/GurpsyMcGurpsFace/src/app/components/sheet/reusable/spells/spells.component.ts
FN:13,(anonymous_2)
FN:17,SpellsComponent
FN:20,(anonymous_4)
FN:22,(anonymous_5)
FNF:4
FNH:3
FNDA:1,(anonymous_2)
FNDA:1,SpellsComponent
FNDA:1,(anonymous_4)
FNDA:0,(anonymous_5)
DA:1,1
DA:2,1
DA:13,1
DA:17,1
DA:20,1
DA:21,1
DA:22,1
DA:24,1
LF:8
LH:8
BRDA:17,0,0,1
BRDA:17,0,1,0
BRDA:17,1,0,1
BRF:3
BRH:2
end_of_record
TN:
SF:/Users/meron/Documents/private/gurps/gurpsDomain/GurpsyMcGurpsFace/src/app/components/sheet/structural/sheet-body/sheet-body.component.ts
FN:9,(anonymous_2)
FN:14,SheetBodyComponent
FN:17,(anonymous_4)
FN:18,(anonymous_5)
FNF:4
FNH:4
FNDA:1,(anonymous_2)
FNDA:2,SheetBodyComponent
FNDA:1,(anonymous_4)
FNDA:2,(anonymous_5)
DA:1,1
DA:2,1
DA:9,1
DA:11,2
DA:12,2
DA:14,2
DA:17,1
DA:18,2
DA:20,1
LF:9
LH:9
BRDA:14,0,0,1
BRDA:14,0,1,0
BRDA:14,1,0,1
BRF:3
BRH:2
end_of_record
TN:
SF:/Users/meron/Documents/private/gurps/gurpsDomain/GurpsyMcGurpsFace/src/app/components/sheet/structural/sheet-body/advantages-disadvantages/advantages-disadvantages.component.ts
FN:8,(anonymous_1)
FN:8,AdvantagesDisadvantagesComponent
FNF:2
FNH:2
FNDA:1,(anonymous_1)
FNDA:1,AdvantagesDisadvantagesComponent
DA:1,1
DA:8,1
DA:9,1
LF:3
LH:3
BRF:0
BRH:0
end_of_record
TN:
SF:/Users/meron/Documents/private/gurps/gurpsDomain/GurpsyMcGurpsFace/src/app/components/sheet/structural/sheet-body/general/general.component.ts
FN:8,(anonymous_1)
FN:8,GeneralComponent
FNF:2
FNH:2
FNDA:1,(anonymous_1)
FNDA:2,GeneralComponent
DA:1,1
DA:8,1
DA:9,1
LF:3
LH:3
BRF:0
BRH:0
end_of_record
TN:
SF:/Users/meron/Documents/private/gurps/gurpsDomain/GurpsyMcGurpsFace/src/app/components/sheet/structural/sheet-header/sheet-header.component.ts
FN:8,(anonymous_1)
FN:8,SheetHeaderComponent
FNF:2
FNH:2
FNDA:1,(anonymous_1)
FNDA:2,SheetHeaderComponent
DA:1,1
DA:8,1
DA:9,1
LF:3
LH:3
BRF:0
BRH:0
end_of_record
TN:
SF:/Users/meron/Documents/private/gurps/gurpsDomain/GurpsyMcGurpsFace/src/app/components/side-navigation/side-navigation.component.ts
FN:11,(anonymous_2)
FN:22,SideNavigationComponent
FN:25,(anonymous_4)
FN:26,(anonymous_5)
FN:29,(anonymous_6)
FN:32,(anonymous_7)
FN:36,(anonymous_8)
FN:40,(anonymous_9)
FN:46,(anonymous_10)
FNF:9
FNH:4
FNDA:1,(anonymous_2)
FNDA:2,SideNavigationComponent
FNDA:1,(anonymous_4)
FNDA:2,(anonymous_5)
FNDA:0,(anonymous_6)
FNDA:0,(anonymous_7)
FNDA:0,(anonymous_8)
FNDA:0,(anonymous_9)
FNDA:0,(anonymous_10)
DA:1,1
DA:2,1
DA:3,1
DA:11,1
DA:13,3
DA:14,3
DA:16,2
DA:17,2
DA:18,2
DA:22,2
DA:25,1
DA:26,2
DA:28,1
DA:29,1
DA:32,1
DA:33,0
DA:36,1
DA:37,0
DA:40,1
DA:41,0
DA:42,0
DA:43,0
DA:46,1
DA:47,0
DA:48,0
DA:50,1
LF:26
LH:19
BRDA:13,0,0,1
BRDA:13,0,1,0
BRDA:13,1,0,1
BRDA:14,2,0,1
BRDA:14,2,1,0
BRDA:14,3,0,1
BRDA:22,4,0,1
BRDA:22,4,1,0
BRDA:22,5,0,1
BRDA:22,6,0,1
BRDA:22,6,1,1
BRDA:22,6,2,0
BRDA:22,7,0,1
BRDA:22,7,1,1
BRF:14
BRH:10
end_of_record
TN:
SF:/Users/meron/Documents/private/gurps/gurpsDomain/GurpsyMcGurpsFace/src/app/models/3d/camera.ts
FN:3,(anonymous_5)
FN:12,Camera
FNF:2
FNH:1
FNDA:1,(anonymous_5)
FNDA:0,Camera
DA:1,1
DA:3,1
DA:5,1
DA:6,1
DA:7,1
DA:8,1
DA:9,1
DA:10,1
DA:14,0
DA:21,0
DA:22,0
DA:23,0
DA:25,1
LF:13
LH:9
BRDA:14,0,0,0
BRDA:14,0,1,0
BRF:2
BRH:0
end_of_record
TN:
SF:/Users/meron/Documents/private/gurps/gurpsDomain/GurpsyMcGurpsFace/src/app/models/3d/die.ts
FN:3,(anonymous_5)
FN:16,Die
FN:44,(anonymous_7)
FNF:3
FNH:1
FNDA:1,(anonymous_5)
FNDA:0,Die
FNDA:0,(anonymous_7)
DA:1,1
DA:3,1
DA:5,1
DA:6,1
DA:7,1
DA:8,1
DA:9,1
DA:10,1
DA:11,1
DA:16,0
DA:18,0
DA:20,0
DA:21,0
DA:22,0
DA:23,0
DA:24,0
DA:25,0
DA:27,0
DA:36,0
DA:38,0
DA:40,0
DA:41,0
DA:44,1
DA:45,0
DA:46,0
DA:48,1
LF:26
LH:11
BRDA:36,0,0,0
BRDA:36,0,1,0
BRF:2
BRH:0
end_of_record
TN:
SF:/Users/meron/Documents/private/gurps/gurpsDomain/GurpsyMcGurpsFace/src/app/models/3d/table.ts
FN:3,(anonymous_5)
FN:10,Table
FNF:2
FNH:1
FNDA:1,(anonymous_5)
FNDA:0,Table
DA:1,1
DA:3,1
DA:5,1
DA:6,1
DA:7,1
DA:8,1
DA:10,0
DA:12,0
DA:13,0
DA:15,0
DA:17,0
DA:19,0
DA:20,0
DA:22,1
LF:14
LH:7
BRDA:17,0,0,0
BRDA:17,0,1,0
BRF:2
BRH:0
end_of_record
TN:
SF:/Users/meron/Documents/private/gurps/gurpsDomain/GurpsyMcGurpsFace/src/app/models/reference/reference-model.ts
FN:3,(anonymous_0)
FN:8,(anonymous_2)
FN:12,(anonymous_3)
FNF:3
FNH:1
FNDA:1,(anonymous_0)
FNDA:0,(anonymous_2)
FNDA:0,(anonymous_3)
DA:3,1
DA:8,1
DA:9,0
DA:13,0
DA:15,1
LF:5
LH:3
BRF:0
BRH:0
end_of_record
TN:
SF:/Users/meron/Documents/private/gurps/gurpsDomain/GurpsyMcGurpsFace/src/app/models/settings/book.model.ts
FN:4,(anonymous_2)
FN:76,Book
FN:38,(anonymous_4)
FN:59,(anonymous_5)
FN:88,(anonymous_6)
FNF:5
FNH:1
FNDA:1,(anonymous_2)
FNDA:0,Book
FNDA:0,(anonymous_4)
FNDA:0,(anonymous_5)
FNDA:0,(anonymous_6)
DA:1,1
DA:4,1
DA:6,1
DA:7,1
DA:8,1
DA:9,1
DA:10,1
DA:11,1
DA:12,1
DA:13,1
DA:14,1
DA:15,1
DA:16,1
DA:17,1
DA:19,1
DA:29,1
DA:32,1
DA:35,1
DA:38,1
DA:39,0
DA:41,0
DA:43,0
DA:45,0
DA:47,0
DA:49,0
DA:51,0
DA:53,0
DA:55,0
DA:59,1
DA:60,0
DA:62,0
DA:64,0
DA:66,0
DA:68,0
DA:70,0
DA:72,0
DA:77,0
DA:78,0
DA:79,0
DA:88,1
DA:89,0
DA:91,0
DA:93,1
LF:43
LH:22
BRDA:44,0,0,0
BRDA:44,0,1,0
BRDA:44,0,2,0
BRDA:44,0,3,0
BRDA:44,0,4,0
BRDA:44,0,5,0
BRDA:61,1,0,0
BRDA:61,1,1,0
BRDA:61,1,2,0
BRDA:61,1,3,0
BRDA:61,1,4,0
BRDA:61,1,5,0
BRDA:91,2,0,0
BRDA:91,2,1,0
BRF:14
BRH:0
end_of_record
TN:
SF:/Users/meron/Documents/private/gurps/gurpsDomain/GurpsyMcGurpsFace/src/app/models/settings/settings.model.ts
FN:5,(anonymous_2)
FN:22,Settings
FNF:2
FNH:2
FNDA:1,(anonymous_2)
FNDA:139,Settings
DA:1,1
DA:2,1
DA:5,1
DA:8,1
DA:11,1
DA:14,1
DA:17,1
DA:20,1
DA:23,139
DA:24,139
DA:25,139
DA:26,139
DA:27,139
DA:29,1
LF:14
LH:14
BRF:0
BRH:0
end_of_record
TN:
SF:/Users/meron/Documents/private/gurps/gurpsDomain/GurpsyMcGurpsFace/src/app/models/sheet/sheets.model.ts
FN:5,(anonymous_2)
FN:13,Sheets
FNF:2
FNH:2
FNDA:1,(anonymous_2)
FNDA:24,Sheets
DA:1,1
DA:2,1
DA:5,1
DA:8,1
DA:11,1
DA:14,24
DA:15,24
DA:17,1
LF:8
LH:8
BRDA:8,0,0,1
BRDA:8,0,1,0
BRDA:8,1,0,1
BRF:3
BRH:2
end_of_record
TN:
SF:/Users/meron/Documents/private/gurps/gurpsDomain/GurpsyMcGurpsFace/src/app/models/sheet/input/advantage.model.ts
FN:5,(anonymous_2)
FN:16,Advantage
FNF:2
FNH:1
FNDA:1,(anonymous_2)
FNDA:0,Advantage
DA:1,1
DA:2,1
DA:5,1
DA:8,1
DA:11,1
DA:14,1
DA:17,0
DA:18,0
DA:19,0
DA:21,1
LF:10
LH:7
BRF:0
BRH:0
end_of_record
TN:
SF:/Users/meron/Documents/private/gurps/gurpsDomain/GurpsyMcGurpsFace/src/app/models/sheet/input/disadvantage.model.ts
FN:4,(anonymous_2)
FN:9,Disadvantage
FNF:2
FNH:1
FNDA:1,(anonymous_2)
FNDA:0,Disadvantage
DA:1,1
DA:4,1
DA:7,1
DA:10,0
DA:12,1
LF:5
LH:4
BRF:0
BRH:0
end_of_record
TN:
SF:/Users/meron/Documents/private/gurps/gurpsDomain/GurpsyMcGurpsFace/src/app/models/sheet/input/equipment.model.ts
FN:4,(anonymous_2)
FN:9,Equipment
FNF:2
FNH:1
FNDA:1,(anonymous_2)
FNDA:0,Equipment
DA:1,1
DA:4,1
DA:7,1
DA:10,0
DA:12,1
LF:5
LH:4
BRF:0
BRH:0
end_of_record
TN:
SF:/Users/meron/Documents/private/gurps/gurpsDomain/GurpsyMcGurpsFace/src/app/models/sheet/input/input.sheet.model.ts
FN:10,(anonymous_2)
FN:10,InputSheet
FNF:2
FNH:1
FNDA:1,(anonymous_2)
FNDA:0,InputSheet
DA:1,1
DA:2,1
DA:3,1
DA:4,1
DA:5,1
DA:6,1
DA:7,1
DA:10,1
DA:13,1
DA:16,1
DA:19,1
DA:22,1
DA:25,1
DA:28,1
DA:31,1
DA:34,1
DA:37,1
DA:40,1
DA:43,1
DA:46,1
DA:49,1
DA:52,1
DA:55,1
DA:58,1
DA:61,1
DA:64,1
DA:67,1
DA:70,1
DA:73,1
DA:76,1
DA:79,1
DA:82,1
DA:85,1
DA:88,1
DA:89,1
LF:35
LH:35
BRF:0
BRH:0
end_of_record
TN:
SF:/Users/meron/Documents/private/gurps/gurpsDomain/GurpsyMcGurpsFace/src/app/models/sheet/input/modifier.model.ts
FN:4,(anonymous_2)
FN:12,Modifier
FNF:2
FNH:1
FNDA:1,(anonymous_2)
FNDA:0,Modifier
DA:1,1
DA:4,1
DA:7,1
DA:10,1
DA:13,0
DA:14,0
DA:16,1
LF:7
LH:5
BRF:0
BRH:0
end_of_record
TN:
SF:/Users/meron/Documents/private/gurps/gurpsDomain/GurpsyMcGurpsFace/src/app/models/sheet/input/note.model.ts
FN:4,(anonymous_2)
FN:12,Note
FNF:2
FNH:1
FNDA:1,(anonymous_2)
FNDA:0,Note
DA:1,1
DA:4,1
DA:7,1
DA:10,1
DA:13,0
DA:14,0
DA:16,1
LF:7
LH:5
BRF:0
BRH:0
end_of_record
TN:
SF:/Users/meron/Documents/private/gurps/gurpsDomain/GurpsyMcGurpsFace/src/app/models/sheet/input/skill.model.ts
FN:4,(anonymous_2)
FN:12,Skill
FNF:2
FNH:1
FNDA:1,(anonymous_2)
FNDA:0,Skill
DA:1,1
DA:4,1
DA:7,1
DA:10,1
DA:13,0
DA:14,0
DA:16,1
LF:7
LH:5
BRF:0
BRH:0
end_of_record
TN:
SF:/Users/meron/Documents/private/gurps/gurpsDomain/GurpsyMcGurpsFace/src/app/models/sheet/input/spell.model.ts
FN:4,(anonymous_2)
FN:12,Spell
FNF:2
FNH:1
FNDA:1,(anonymous_2)
FNDA:0,Spell
DA:1,1
DA:4,1
DA:7,1
DA:10,1
DA:13,0
DA:14,0
DA:16,1
LF:7
LH:5
BRF:0
BRH:0
end_of_record
TN:
SF:/Users/meron/Documents/private/gurps/gurpsDomain/GurpsyMcGurpsFace/src/app/models/sheet/output/advantage.model.ts
FN:5,(anonymous_2)
FN:22,Advantage
FNF:2
FNH:1
FNDA:1,(anonymous_2)
FNDA:0,Advantage
DA:1,1
DA:2,1
DA:5,1
DA:8,1
DA:11,1
DA:14,1
DA:17,1
DA:20,1
DA:23,0
DA:24,0
DA:25,0
DA:26,0
DA:27,0
DA:29,1
LF:14
LH:9
BRF:0
BRH:0
end_of_record
TN:
SF:/Users/meron/Documents/private/gurps/gurpsDomain/GurpsyMcGurpsFace/src/app/models/sheet/output/attributes.model.ts
FN:4,(anonymous_2)
FN:18,Attributes
FNF:2
FNH:2
FNDA:1,(anonymous_2)
FNDA:24,Attributes
DA:1,1
DA:4,1
DA:7,1
DA:10,1
DA:13,1
DA:16,1
DA:19,24
DA:20,24
DA:21,24
DA:22,24
DA:24,1
LF:11
LH:11
BRF:0
BRH:0
end_of_record
TN:
SF:/Users/meron/Documents/private/gurps/gurpsDomain/GurpsyMcGurpsFace/src/app/models/sheet/output/basic-lift.model.ts
FN:4,(anonymous_2)
FN:15,BasicLift
FNF:2
FNH:2
FNDA:1,(anonymous_2)
FNDA:24,BasicLift
DA:1,1
DA:4,1
DA:7,1
DA:10,1
DA:13,1
DA:16,24
DA:17,24
DA:18,24
DA:20,1
LF:9
LH:9
BRF:0
BRH:0
end_of_record
TN:
SF:/Users/meron/Documents/private/gurps/gurpsDomain/GurpsyMcGurpsFace/src/app/models/sheet/output/damage-resistance.model.ts
FN:4,(anonymous_2)
FN:45,DamageResistance
FNF:2
FNH:2
FNDA:1,(anonymous_2)
FNDA:24,DamageResistance
DA:1,1
DA:4,1
DA:7,1
DA:10,1
DA:13,1
DA:16,1
DA:19,1
DA:22,1
DA:25,1
DA:28,1
DA:31,1
DA:34,1
DA:37,1
DA:40,1
DA:43,1
DA:46,24
DA:47,24
DA:48,24
DA:49,24
DA:50,24
DA:51,24
DA:52,24
DA:53,24
DA:54,24
DA:55,24
DA:56,24
DA:57,24
DA:58,24
DA:60,1
LF:29
LH:29
BRF:0
BRH:0
end_of_record
TN:
SF:/Users/meron/Documents/private/gurps/gurpsDomain/GurpsyMcGurpsFace/src/app/models/sheet/output/description.model.ts
FN:4,(anonymous_2)
FN:39,Description
FNF:2
FNH:2
FNDA:1,(anonymous_2)
FNDA:24,Description
DA:1,1
DA:4,1
DA:7,1
DA:10,1
DA:13,1
DA:16,1
DA:19,1
DA:22,1
DA:25,1
DA:28,1
DA:31,1
DA:34,1
DA:37,1
DA:40,24
DA:41,24
DA:42,24
DA:43,24
DA:44,24
DA:45,24
DA:46,24
DA:47,24
DA:48,24
DA:49,24
DA:50,24
DA:52,1
LF:25
LH:25
BRF:0
BRH:0
end_of_record
TN:
SF:/Users/meron/Documents/private/gurps/gurpsDomain/GurpsyMcGurpsFace/src/app/models/sheet/output/disadvantage.model.ts
FN:5,(anonymous_2)
FN:19,Disadvantage
FNF:2
FNH:1
FNDA:1,(anonymous_2)
FNDA:0,Disadvantage
DA:1,1
DA:2,1
DA:5,1
DA:8,1
DA:11,1
DA:14,1
DA:17,1
DA:20,0
DA:21,0
DA:22,0
DA:23,0
DA:25,1
LF:12
LH:8
BRF:0
BRH:0
end_of_record
TN:
SF:/Users/meron/Documents/private/gurps/gurpsDomain/GurpsyMcGurpsFace/src/app/models/sheet/output/dodge.model.ts
FN:4,(anonymous_2)
FN:21,Dodge
FNF:2
FNH:2
FNDA:1,(anonymous_2)
FNDA:24,Dodge
DA:1,1
DA:4,1
DA:7,1
DA:10,1
DA:13,1
DA:16,1
DA:19,1
DA:22,24
DA:23,24
DA:24,24
DA:25,24
DA:26,24
DA:28,1
LF:13
LH:13
BRF:0
BRH:0
end_of_record
TN:
SF:/Users/meron/Documents/private/gurps/gurpsDomain/GurpsyMcGurpsFace/src/app/models/sheet/output/equipment.model.ts
FN:4,(anonymous_2)
FN:12,Equipment
FNF:2
FNH:1
FNDA:1,(anonymous_2)
FNDA:0,Equipment
DA:1,1
DA:4,1
DA:7,1
DA:10,1
DA:13,0
DA:14,0
DA:16,1
LF:7
LH:5
BRF:0
BRH:0
end_of_record
TN:
SF:/Users/meron/Documents/private/gurps/gurpsDomain/GurpsyMcGurpsFace/src/app/models/sheet/output/identity.model.ts
FN:4,(anonymous_2)
FN:15,Identity
FNF:2
FNH:2
FNDA:1,(anonymous_2)
FNDA:24,Identity
DA:1,1
DA:4,1
DA:7,1
DA:10,1
DA:13,1
DA:16,24
DA:17,24
DA:18,24
DA:20,1
LF:9
LH:9
BRF:0
BRH:0
end_of_record
TN:
SF:/Users/meron/Documents/private/gurps/gurpsDomain/GurpsyMcGurpsFace/src/app/models/sheet/output/max-load.model.ts
FN:4,(anonymous_2)
FN:21,MaxLoad
FNF:2
FNH:2
FNDA:1,(anonymous_2)
FNDA:24,MaxLoad
DA:1,1
DA:4,1
DA:7,1
DA:10,1
DA:13,1
DA:16,1
DA:19,1
DA:22,24
DA:23,24
DA:24,24
DA:25,24
DA:26,24
DA:28,1
LF:13
LH:13
BRF:0
BRH:0
end_of_record
TN:
SF:/Users/meron/Documents/private/gurps/gurpsDomain/GurpsyMcGurpsFace/src/app/models/sheet/output/metadata.model.ts
FN:7,(anonymous_2)
FN:18,MetaData
FNF:2
FNH:2
FNDA:1,(anonymous_2)
FNDA:24,MetaData
DA:1,1
DA:2,1
DA:3,1
DA:4,1
DA:7,1
DA:10,1
DA:13,1
DA:16,1
DA:19,24
DA:20,24
DA:21,24
DA:23,1
LF:12
LH:12
BRDA:10,0,0,1
BRDA:10,0,1,0
BRDA:10,1,0,1
BRDA:13,2,0,1
BRDA:13,2,1,0
BRDA:13,3,0,1
BRDA:16,4,0,1
BRDA:16,4,1,0
BRDA:16,5,0,1
BRF:9
BRH:6
end_of_record
TN:
SF:/Users/meron/Documents/private/gurps/gurpsDomain/GurpsyMcGurpsFace/src/app/models/sheet/output/modifier.model.ts
FN:4,(anonymous_2)
FN:15,Modifier
FNF:2
FNH:1
FNDA:1,(anonymous_2)
FNDA:0,Modifier
DA:1,1
DA:4,1
DA:7,1
DA:10,1
DA:13,1
DA:16,0
DA:17,0
DA:18,0
DA:20,1
LF:9
LH:6
BRF:0
BRH:0
end_of_record
TN:
SF:/Users/meron/Documents/private/gurps/gurpsDomain/GurpsyMcGurpsFace/src/app/models/sheet/output/move.model.ts
FN:4,(anonymous_2)
FN:21,Move
FNF:2
FNH:2
FNDA:1,(anonymous_2)
FNDA:24,Move
DA:1,1
DA:4,1
DA:7,1
DA:10,1
DA:13,1
DA:16,1
DA:19,1
DA:22,24
DA:23,24
DA:24,24
DA:25,24
DA:26,24
DA:28,1
LF:13
LH:13
BRF:0
BRH:0
end_of_record
TN:
SF:/Users/meron/Documents/private/gurps/gurpsDomain/GurpsyMcGurpsFace/src/app/models/sheet/output/note.model.ts
FN:4,(anonymous_2)
FN:12,Note
FNF:2
FNH:1
FNDA:1,(anonymous_2)
FNDA:0,Note
DA:1,1
DA:4,1
DA:7,1
DA:10,1
DA:13,0
DA:14,0
DA:16,1
LF:7
LH:5
BRF:0
BRH:0
end_of_record
TN:
SF:/Users/meron/Documents/private/gurps/gurpsDomain/GurpsyMcGurpsFace/src/app/models/sheet/output/output.sheet.model.ts
FN:15,(anonymous_2)
FN:50,OutputSheet
FNF:2
FNH:2
FNDA:1,(anonymous_2)
FNDA:24,OutputSheet
DA:1,1
DA:2,1
DA:3,1
DA:4,1
DA:5,1
DA:6,1
DA:7,1
DA:8,1
DA:9,1
DA:10,1
DA:11,1
DA:12,1
DA:15,1
DA:18,1
DA:21,1
DA:24,1
DA:27,1
DA:30,1
DA:33,1
DA:36,1
DA:39,1
DA:42,1
DA:45,1
DA:48,1
DA:51,24
DA:52,24
DA:53,24
DA:54,24
DA:55,24
DA:56,24
DA:57,24
DA:58,24
DA:59,24
DA:60,24
DA:62,1
LF:35
LH:35
BRDA:18,0,0,1
BRDA:18,0,1,0
BRDA:18,1,0,1
BRDA:21,2,0,1
BRDA:21,2,1,0
BRDA:21,3,0,1
BRDA:24,4,0,1
BRDA:24,4,1,0
BRDA:24,5,0,1
BRDA:27,6,0,1
BRDA:27,6,1,0
BRDA:27,7,0,1
BRDA:30,8,0,1
BRDA:30,8,1,0
BRDA:30,9,0,1
BRF:15
BRH:10
end_of_record
TN:
SF:/Users/meron/Documents/private/gurps/gurpsDomain/GurpsyMcGurpsFace/src/app/models/sheet/output/player-information.model.ts
FN:4,(anonymous_2)
FN:16,PlayerInformation
FNF:2
FNH:2
FNDA:1,(anonymous_2)
FNDA:24,PlayerInformation
DA:1,1
DA:4,1
DA:7,1
DA:10,1
DA:13,1
DA:17,24
DA:18,24
DA:19,24
DA:21,1
LF:9
LH:9
BRF:0
BRH:0
end_of_record
TN:
SF:/Users/meron/Documents/private/gurps/gurpsDomain/GurpsyMcGurpsFace/src/app/models/sheet/output/points.model.ts
FN:4,(anonymous_2)
FN:24,Points
FNF:2
FNH:2
FNDA:1,(anonymous_2)
FNDA:24,Points
DA:1,1
DA:4,1
DA:7,1
DA:10,1
DA:13,1
DA:16,1
DA:19,1
DA:22,1
DA:25,24
DA:26,24
DA:27,24
DA:28,24
DA:29,24
DA:30,24
DA:32,1
LF:15
LH:15
BRF:0
BRH:0
end_of_record
TN:
SF:/Users/meron/Documents/private/gurps/gurpsDomain/GurpsyMcGurpsFace/src/app/models/sheet/output/secondary-characteristics.model.ts
FN:8,(anonymous_2)
FN:64,SecondaryCharacteristics
FNF:2
FNH:2
FNDA:1,(anonymous_2)
FNDA:24,SecondaryCharacteristics
DA:1,1
DA:2,1
DA:3,1
DA:4,1
DA:5,1
DA:8,1
DA:11,1
DA:14,1
DA:17,1
DA:20,1
DA:23,1
DA:26,1
DA:29,1
DA:32,1
DA:35,1
DA:38,1
DA:41,1
DA:44,1
DA:47,1
DA:50,1
DA:53,1
DA:56,1
DA:59,1
DA:62,1
DA:65,24
DA:66,24
DA:67,24
DA:68,24
DA:69,24
DA:70,24
DA:71,24
DA:72,24
DA:73,24
DA:74,24
DA:75,24
DA:76,24
DA:77,24
DA:78,24
DA:79,24
DA:80,24
DA:81,24
DA:82,24
DA:84,1
LF:43
LH:43
BRDA:32,0,0,1
BRDA:32,0,1,0
BRDA:32,1,0,1
BRDA:47,2,0,1
BRDA:47,2,1,0
BRDA:47,3,0,1
BRDA:50,4,0,1
BRDA:50,4,1,0
BRDA:50,5,0,1
BRDA:53,6,0,1
BRDA:53,6,1,0
BRDA:53,7,0,1
BRF:12
BRH:8
end_of_record
TN:
SF:/Users/meron/Documents/private/gurps/gurpsDomain/GurpsyMcGurpsFace/src/app/models/sheet/output/skill.model.ts
FN:4,(anonymous_2)
FN:25,Skill
FNF:2
FNH:1
FNDA:1,(anonymous_2)
FNDA:0,Skill
DA:1,1
DA:4,1
DA:7,1
DA:10,1
DA:14,1
DA:17,1
DA:20,1
DA:23,1
DA:26,0
DA:27,0
DA:28,0
DA:29,0
DA:30,0
DA:31,0
DA:33,1
LF:15
LH:9
BRF:0
BRH:0
end_of_record
TN:
SF:/Users/meron/Documents/private/gurps/gurpsDomain/GurpsyMcGurpsFace/src/app/models/sheet/output/spell.model.ts
FN:4,(anonymous_2)
FN:39,Spell
FNF:2
FNH:1
FNDA:1,(anonymous_2)
FNDA:0,Spell
DA:1,1
DA:4,1
DA:7,1
DA:10,1
DA:13,1
DA:16,1
DA:19,1
DA:22,1
DA:25,1
DA:28,1
DA:31,1
DA:34,1
DA:37,1
DA:40,0
DA:41,0
DA:42,0
DA:43,0
DA:44,0
DA:45,0
DA:46,0
DA:47,0
DA:48,0
DA:49,0
DA:50,0
DA:52,1
LF:25
LH:14
BRF:0
BRH:0
end_of_record
TN:
SF:/Users/meron/Documents/private/gurps/gurpsDomain/GurpsyMcGurpsFace/src/app/modules/material.module.ts
FN:48,(anonymous_1)
FN:48,GurpsyMaterialModule
FNF:2
FNH:2
FNDA:1,(anonymous_1)
FNDA:4,GurpsyMaterialModule
DA:1,1
DA:2,1
DA:3,1
DA:48,1
DA:49,1
LF:5
LH:5
BRF:0
BRH:0
end_of_record
TN:
SF:/Users/meron/Documents/private/gurps/gurpsDomain/GurpsyMcGurpsFace/src/app/pipes/weight.pipe.ts
FN:8,(anonymous_2)
FN:16,WeightPipe
FN:20,(anonymous_4)
FN:28,(anonymous_5)
FN:37,(anonymous_6)
FN:46,(anonymous_7)
FN:48,(anonymous_8)
FN:49,(anonymous_9)
FN:51,(anonymous_10)
FNF:9
FNH:8
FNDA:1,(anonymous_2)
FNDA:28,WeightPipe
FNDA:52,(anonymous_4)
FNDA:51,(anonymous_5)
FNDA:51,(anonymous_6)
FNDA:28,(anonymous_7)
FNDA:0,(anonymous_8)
FNDA:28,(anonymous_9)
FNDA:10,(anonymous_10)
DA:1,1
DA:2,1
DA:8,1
DA:10,1
DA:11,1
DA:12,1
DA:16,28
DA:17,28
DA:20,1
DA:21,52
DA:22,1
DA:25,51
DA:28,1
DA:29,51
DA:31,0
DA:33,51
DA:37,1
DA:38,51
DA:40,0
DA:42,51
DA:46,28
DA:47,28
DA:48,0
DA:49,28
DA:50,28
DA:51,10
DA:53,1
LF:27
LH:24
BRDA:21,0,0,1
BRDA:21,0,1,51
BRDA:30,1,0,0
BRDA:30,1,1,51
BRDA:39,2,0,0
BRDA:39,2,1,51
BRDA:16,3,0,1
BRDA:16,3,1,0
BRDA:16,4,0,1
BRF:9
BRH:6
end_of_record
TN:
SF:/Users/meron/Documents/private/gurps/gurpsDomain/GurpsyMcGurpsFace/src/app/services/back-end/logging/logging.service.ts
FN:4,(anonymous_1)
FN:4,LoggingService
FN:10,(anonymous_3)
FN:14,(anonymous_4)
FN:18,(anonymous_5)
FNF:5
FNH:2
FNDA:1,(anonymous_1)
FNDA:35,LoggingService
FNDA:0,(anonymous_3)
FNDA:0,(anonymous_4)
FNDA:0,(anonymous_5)
DA:1,1
DA:4,1
DA:6,1
DA:7,1
DA:8,1
DA:10,1
DA:11,0
DA:14,1
DA:15,0
DA:18,1
DA:19,0
DA:21,1
LF:12
LH:9
BRF:0
BRH:0
end_of_record
TN:
SF:/Users/meron/Documents/private/gurps/gurpsDomain/GurpsyMcGurpsFace/src/app/services/back-end/model-transformer/model-transformer.service.ts
FN:10,(anonymous_2)
FN:17,ModelTransformerService
FN:28,(anonymous_4)
FN:30,(anonymous_5)
FN:33,(anonymous_6)
FN:41,(anonymous_7)
FN:45,(anonymous_8)
FN:50,(anonymous_9)
FN:54,(anonymous_10)
FNF:9
FNH:3
FNDA:1,(anonymous_2)
FNDA:25,ModelTransformerService
FNDA:24,(anonymous_4)
FNDA:0,(anonymous_5)
FNDA:0,(anonymous_6)
FNDA:0,(anonymous_7)
FNDA:0,(anonymous_8)
FNDA:0,(anonymous_9)
FNDA:0,(anonymous_10)
DA:1,1
DA:2,1
DA:3,1
DA:4,1
DA:6,1
DA:7,1
DA:10,1
DA:12,1
DA:18,25
DA:19,25
DA:28,24
DA:29,24
DA:30,0
DA:33,1
DA:34,0
DA:36,0
DA:37,0
DA:38,0
DA:40,0
DA:41,0
DA:45,1
DA:46,0
DA:47,0
DA:50,1
DA:51,0
DA:54,1
DA:55,0
DA:57,0
DA:59,0
DA:60,0
DA:63,0
DA:65,0
DA:67,1
LF:33
LH:17
BRDA:51,0,0,0
BRDA:51,0,1,0
BRDA:59,1,0,0
BRDA:59,1,1,0
BRDA:17,2,0,1
BRDA:17,2,1,0
BRDA:17,3,0,1
BRDA:17,4,0,1
BRDA:17,4,1,1
BRDA:17,4,2,0
BRDA:17,5,0,1
BRDA:17,5,1,1
BRF:12
BRH:6
end_of_record
TN:
SF:/Users/meron/Documents/private/gurps/gurpsDomain/GurpsyMcGurpsFace/src/app/services/back-end/storage/storage.service.ts
FN:11,(anonymous_2)
FN:16,StorageService
FN:26,(anonymous_4)
FN:36,(anonymous_5)
FN:45,(anonymous_6)
FN:54,(anonymous_7)
FN:64,(anonymous_8)
FN:73,(anonymous_9)
FN:82,(anonymous_10)
FN:91,(anonymous_11)
FN:100,(anonymous_12)
FN:109,(anonymous_13)
FN:118,(anonymous_14)
FN:127,(anonymous_15)
FN:136,(anonymous_16)
FN:146,(anonymous_17)
FN:155,(anonymous_18)
FN:165,(anonymous_19)
FN:173,(anonymous_20)
FNF:19
FNH:9
FNDA:1,(anonymous_2)
FNDA:34,StorageService
FNDA:0,(anonymous_4)
FNDA:34,(anonymous_5)
FNDA:5,(anonymous_6)
FNDA:0,(anonymous_7)
FNDA:0,(anonymous_8)
FNDA:0,(anonymous_9)
FNDA:0,(anonymous_10)
FNDA:0,(anonymous_11)
FNDA:5,(anonymous_12)
FNDA:1,(anonymous_13)
FNDA:28,(anonymous_14)
FNDA:24,(anonymous_15)
FNDA:0,(anonymous_16)
FNDA:0,(anonymous_17)
FNDA:24,(anonymous_18)
FNDA:0,(anonymous_19)
FNDA:0,(anonymous_20)
DA:1,1
DA:2,1
DA:3,1
DA:11,1
DA:13,1
DA:14,1
DA:16,34
DA:17,34
DA:26,1
DA:27,0
DA:36,1
DA:37,34
DA:45,1
DA:46,5
DA:54,1
DA:55,0
DA:64,1
DA:65,0
DA:73,1
DA:74,0
DA:82,1
DA:83,0
DA:91,1
DA:92,0
DA:100,1
DA:101,5
DA:109,1
DA:110,1
DA:118,1
DA:119,28
DA:127,1
DA:128,24
DA:136,1
DA:137,0
DA:146,1
DA:147,0
DA:155,1
DA:156,24
DA:165,1
DA:166,0
DA:173,1
DA:174,0
DA:175,0
DA:177,1
LF:44
LH:33
BRDA:16,0,0,1
BRDA:16,0,1,0
BRDA:16,1,0,1
BRDA:16,2,0,1
BRDA:16,2,1,1
BRDA:16,2,2,0
BRDA:16,3,0,1
BRDA:16,3,1,1
BRF:8
BRH:6
end_of_record
TN:
SF:/Users/meron/Documents/private/gurps/gurpsDomain/GurpsyMcGurpsFace/src/app/services/back-end/storage/delegates/settings-storage-delegate/settings-storage-delegate.ts
FN:11,(anonymous_2)
FN:25,SettingsStorageDelegate
FN:26,(anonymous_4)
FN:33,(anonymous_5)
FN:43,(anonymous_6)
FN:55,(anonymous_7)
FN:67,(anonymous_8)
FN:79,(anonymous_9)
FN:91,(anonymous_10)
FN:102,(anonymous_11)
FN:117,(anonymous_12)
FN:132,(anonymous_13)
FN:147,(anonymous_14)
FN:162,(anonymous_15)
FN:172,(anonymous_16)
FN:179,(anonymous_17)
FN:191,(anonymous_18)
FN:195,(anonymous_19)
FN:199,(anonymous_20)
FN:206,(anonymous_21)
FNF:20
FNH:12
FNDA:1,(anonymous_2)
FNDA:34,SettingsStorageDelegate
FNDA:0,(anonymous_4)
FNDA:0,(anonymous_5)
FNDA:0,(anonymous_6)
FNDA:5,(anonymous_7)
FNDA:0,(anonymous_8)
FNDA:0,(anonymous_9)
FNDA:0,(anonymous_10)
FNDA:5,(anonymous_11)
FNDA:1,(anonymous_12)
FNDA:28,(anonymous_13)
FNDA:24,(anonymous_14)
FNDA:0,(anonymous_15)
FNDA:5,(anonymous_16)
FNDA:63,(anonymous_17)
FNDA:5,(anonymous_18)
FNDA:68,(anonymous_19)
FNDA:0,(anonymous_20)
FNDA:38,(anonymous_21)
DA:1,1
DA:2,1
DA:3,1
DA:5,1
DA:6,1
DA:8,1
DA:11,1
DA:13,1
DA:15,34
DA:23,34
DA:25,34
DA:26,34
DA:33,1
DA:34,0
DA:35,0
DA:43,1
DA:44,0
DA:45,0
DA:47,0
DA:55,1
DA:56,5
DA:57,5
DA:59,5
DA:67,1
DA:68,0
DA:69,0
DA:71,0
DA:79,1
DA:80,0
DA:81,0
DA:83,0
DA:91,1
DA:92,0
DA:93,0
DA:94,0
DA:102,1
DA:103,5
DA:105,5
DA:106,5
DA:108,0
DA:117,1
DA:118,1
DA:120,1
DA:121,0
DA:123,1
DA:132,1
DA:133,28
DA:135,28
DA:136,28
DA:138,0
DA:147,1
DA:148,24
DA:150,24
DA:151,24
DA:153,0
DA:162,1
DA:163,0
DA:165,0
DA:166,0
DA:168,0
DA:172,1
DA:173,5
DA:175,5
DA:176,5
DA:179,1
DA:180,63
DA:182,63
DA:184,63
DA:185,38
DA:188,63
DA:191,1
DA:192,5
DA:195,1
DA:196,68
DA:199,1
DA:200,0
DA:201,0
DA:202,0
DA:206,1
DA:207,38
DA:209,38
DA:210,38
DA:212,0
DA:215,38
DA:217,1
LF:85
LH:59
BRDA:105,0,0,5
BRDA:105,0,1,0
BRDA:120,1,0,0
BRDA:120,1,1,1
BRDA:135,2,0,28
BRDA:135,2,1,0
BRDA:150,3,0,24
BRDA:150,3,1,0
BRDA:165,4,0,0
BRDA:165,4,1,0
BRDA:184,5,0,38
BRDA:184,5,1,25
BRDA:200,6,0,0
BRDA:200,6,1,0
BRDA:25,7,0,1
BRDA:25,7,1,0
BRDA:25,8,0,1
BRF:17
BRH:8
end_of_record
TN:
SF:/Users/meron/Documents/private/gurps/gurpsDomain/GurpsyMcGurpsFace/src/app/services/back-end/storage/delegates/sheet-storage-delegate/sheet-storage-delegate.ts
FN:10,(anonymous_2)
FN:24,SheetStorageDelegate
FN:25,(anonymous_4)
FN:33,(anonymous_5)
FN:51,(anonymous_6)
FN:62,(anonymous_7)
FN:74,(anonymous_8)
FN:86,(anonymous_9)
FN:114,(anonymous_10)
FN:118,(anonymous_11)
FN:124,(anonymous_12)
FN:137,(anonymous_13)
FN:141,(anonymous_14)
FN:145,(anonymous_15)
FN:161,(anonymous_16)
FN:165,(anonymous_17)
FN:169,(anonymous_18)
FN:173,(anonymous_19)
FN:179,(anonymous_20)
FNF:19
FNH:6
FNDA:1,(anonymous_2)
FNDA:34,SheetStorageDelegate
FNDA:0,(anonymous_4)
FNDA:0,(anonymous_5)
FNDA:24,(anonymous_6)
FNDA:0,(anonymous_7)
FNDA:0,(anonymous_8)
FNDA:0,(anonymous_9)
FNDA:0,(anonymous_10)
FNDA:0,(anonymous_11)
FNDA:0,(anonymous_12)
FNDA:0,(anonymous_13)
FNDA:0,(anonymous_14)
FNDA:24,(anonymous_15)
FNDA:24,(anonymous_16)
FNDA:0,(anonymous_17)
FNDA:24,(anonymous_18)
FNDA:0,(anonymous_19)
FNDA:0,(anonymous_20)
DA:1,1
DA:2,1
DA:3,1
DA:5,1
DA:6,1
DA:7,1
DA:10,1
DA:12,1
DA:14,34
DA:22,34
DA:24,34
DA:25,34
DA:33,1
DA:34,0
DA:36,0
DA:37,0
DA:40,0
DA:41,0
DA:43,0
DA:51,1
DA:52,24
DA:54,24
DA:62,1
DA:63,0
DA:65,0
DA:74,1
DA:75,0
DA:76,0
DA:77,0
DA:79,0
DA:86,1
DA:87,0
DA:89,0
DA:91,0
DA:92,0
DA:93,0
DA:94,0
DA:95,0
DA:99,0
DA:100,0
DA:104,0
DA:105,0
DA:107,0
DA:114,1
DA:115,0
DA:118,1
DA:119,0
DA:121,0
DA:124,1
DA:125,0
DA:127,0
DA:128,0
DA:129,0
DA:133,0
DA:134,0
DA:137,1
DA:138,0
DA:141,1
DA:142,0
DA:145,1
DA:146,24
DA:148,24
DA:150,24
DA:151,0
DA:152,0
DA:154,0
DA:158,24
DA:161,1
DA:162,24
DA:165,1
DA:166,0
DA:169,1
DA:170,24
DA:173,1
DA:174,0
DA:175,0
DA:179,1
DA:180,0
DA:182,1
LF:79
LH:37
BRDA:36,0,0,0
BRDA:36,0,1,0
BRDA:94,1,0,0
BRDA:94,1,1,0
BRDA:99,2,0,0
BRDA:99,2,1,0
BRDA:128,3,0,0
BRDA:128,3,1,0
BRDA:128,4,0,0
BRDA:128,4,1,0
BRDA:138,5,0,0
BRDA:138,5,1,0
BRDA:150,6,0,0
BRDA:150,6,1,24
BRDA:174,7,0,0
BRDA:174,7,1,0
BRDA:24,8,0,1
BRDA:24,8,1,0
BRDA:24,9,0,1
BRF:19
BRH:3
end_of_record
TN:
SF:/Users/meron/Documents/private/gurps/gurpsDomain/GurpsyMcGurpsFace/src/app/services/front-end/model/model.service.ts
FN:13,(anonymous_2)
FN:32,ModelService
FN:50,(anonymous_4)
FN:51,(anonymous_5)
FN:53,(anonymous_6)
FN:77,(anonymous_7)
FN:82,(anonymous_8)
FN:82,(anonymous_9)
FN:94,(anonymous_10)
FN:98,(anonymous_11)
FN:102,(anonymous_12)
FN:103,(anonymous_13)
FN:103,(anonymous_14)
FN:106,(anonymous_15)
FN:111,(anonymous_16)
FN:116,(anonymous_17)
FN:121,(anonymous_18)
FN:123,(anonymous_19)
FN:124,(anonymous_20)
FNF:19
FNH:10
FNDA:1,(anonymous_2)
FNDA:24,ModelService
FNDA:0,(anonymous_4)
FNDA:0,(anonymous_5)
FNDA:0,(anonymous_6)
FNDA:24,(anonymous_7)
FNDA:0,(anonymous_8)
FNDA:24,(anonymous_9)
FNDA:34,(anonymous_10)
FNDA:24,(anonymous_11)
FNDA:24,(anonymous_12)
FNDA:24,(anonymous_13)
FNDA:0,(anonymous_14)
FNDA:0,(anonymous_15)
FNDA:24,(anonymous_16)
FNDA:0,(anonymous_17)
FNDA:24,(anonymous_18)
FNDA:0,(anonymous_19)
FNDA:0,(anonymous_20)
DA:1,1
DA:2,1
DA:3,1
DA:4,1
DA:5,1
DA:6,1
DA:7,1
DA:8,1
DA:9,1
DA:10,1
DA:13,1
DA:15,1
DA:18,24
DA:26,24
DA:27,24
DA:29,24
DA:30,24
DA:36,24
DA:37,24
DA:38,24
DA:39,24
DA:41,24
DA:50,1
DA:51,0
DA:52,0
DA:53,0
DA:54,0
DA:55,0
DA:56,0
DA:58,0
DA:62,0
DA:63,0
DA:77,24
DA:79,24
DA:81,24
DA:82,24
DA:84,24
DA:85,0
DA:94,1
DA:95,34
DA:98,1
DA:99,24
DA:102,24
DA:103,24
DA:106,1
DA:107,0
DA:108,0
DA:111,1
DA:112,24
DA:113,24
DA:116,1
DA:117,0
DA:118,0
DA:121,24
DA:122,24
DA:123,0
DA:124,0
DA:126,1
LF:58
LH:42
BRDA:54,0,0,0
BRDA:54,0,1,0
BRDA:62,1,0,0
BRDA:62,1,1,0
BRDA:84,2,0,0
BRDA:84,2,1,24
BRDA:32,3,0,1
BRDA:32,3,1,0
BRDA:32,4,0,1
BRDA:32,5,0,1
BRDA:32,5,1,1
BRDA:32,5,2,0
BRDA:32,6,0,1
BRDA:32,6,1,1
BRDA:33,7,0,1
BRDA:33,7,1,1
BRDA:33,7,2,0
BRDA:33,8,0,1
BRDA:33,8,1,1
BRDA:34,9,0,1
BRDA:34,9,1,1
BRDA:34,9,2,0
BRDA:34,10,0,1
BRDA:34,10,1,1
BRF:24
BRH:15
end_of_record
TN:
SF:/Users/meron/Documents/private/gurps/gurpsDomain/GurpsyMcGurpsFace/src/app/services/front-end/page-reference/page-reference.service.ts
FN:8,(anonymous_2)
FN:16,PageReferenceService
FN:25,(anonymous_4)
FN:28,(anonymous_5)
FN:29,(anonymous_6)
FN:42,(anonymous_7)
FN:45,(anonymous_8)
FN:53,(anonymous_9)
FN:62,(anonymous_10)
FN:71,(anonymous_11)
FN:75,(anonymous_12)
FN:87,(anonymous_13)
FN:99,(anonymous_14)
FNF:13
FNH:6
FNDA:1,(anonymous_2)
FNDA:4,PageReferenceService
FNDA:1,(anonymous_4)
FNDA:1,(anonymous_5)
FNDA:0,(anonymous_6)
FNDA:0,(anonymous_7)
FNDA:0,(anonymous_8)
FNDA:0,(anonymous_9)
FNDA:0,(anonymous_10)
FNDA:1,(anonymous_11)
FNDA:0,(anonymous_12)
FNDA:0,(anonymous_13)
FNDA:1,(anonymous_14)
DA:1,1
DA:2,1
DA:3,1
DA:4,1
DA:5,1
DA:8,1
DA:11,4
DA:12,4
DA:16,4
DA:17,4
DA:25,1
DA:27,1
DA:28,1
DA:29,0
DA:42,1
DA:44,0
DA:45,0
DA:53,1
DA:54,0
DA:62,1
DA:63,0
DA:71,1
DA:72,1
DA:75,1
DA:78,0
DA:79,0
DA:80,0
DA:84,0
DA:87,1
DA:89,0
DA:91,0
DA:92,0
DA:93,0
DA:95,0
DA:96,0
DA:99,1
DA:100,1
DA:102,1
DA:103,0
DA:104,0
DA:105,0
DA:109,1
DA:111,1
LF:43
LH:25
BRDA:79,0,0,0
BRDA:79,0,1,0
BRDA:103,1,0,0
BRDA:103,1,1,0
BRDA:16,2,0,1
BRDA:16,2,1,0
BRDA:16,3,0,1
BRF:7
BRH:2
end_of_record
TN:
SF:/Users/meron/Documents/private/gurps/gurpsDomain/GurpsyMcGurpsFace/src/app/services/front-end/settings/settings.service.ts
FN:12,(anonymous_2)
FN:25,SettingsService
FN:36,(anonymous_4)
FN:45,(anonymous_5)
FN:54,(anonymous_6)
FN:63,(anonymous_7)
FN:72,(anonymous_8)
FN:81,(anonymous_9)
FN:90,(anonymous_10)
FN:99,(anonymous_11)
FN:108,(anonymous_12)
FN:117,(anonymous_13)
FN:126,(anonymous_14)
FN:136,(anonymous_15)
FN:144,(anonymous_16)
FN:149,(anonymous_17)
FNF:16
FNH:9
FNDA:1,(anonymous_2)
FNDA:33,SettingsService
FNDA:5,(anonymous_4)
FNDA:0,(anonymous_5)
FNDA:0,(anonymous_6)
FNDA:0,(anonymous_7)
FNDA:0,(anonymous_8)
FNDA:5,(anonymous_9)
FNDA:1,(anonymous_10)
FNDA:28,(anonymous_11)
FNDA:24,(anonymous_12)
FNDA:0,(anonymous_13)
FNDA:0,(anonymous_14)
FNDA:34,(anonymous_15)
FNDA:0,(anonymous_16)
FNDA:33,(anonymous_17)
DA:1,1
DA:2,1
DA:8,1
DA:12,1
DA:14,1
DA:15,1
DA:16,1
DA:18,1
DA:19,1
DA:21,1
DA:22,1
DA:23,1
DA:25,33
DA:26,33
DA:28,33
DA:36,1
DA:37,5
DA:45,1
DA:46,0
DA:54,1
DA:55,0
DA:63,1
DA:64,0
DA:72,1
DA:73,0
DA:81,1
DA:82,5
DA:90,1
DA:91,1
DA:99,1
DA:100,28
DA:108,1
DA:109,24
DA:117,1
DA:118,0
DA:126,1
DA:127,0
DA:136,1
DA:137,34
DA:144,1
DA:145,0
DA:146,0
DA:149,1
DA:150,33
DA:151,33
DA:152,33
DA:154,1
LF:47
LH:39
BRDA:25,0,0,1
BRDA:25,0,1,0
BRDA:25,1,0,1
BRDA:25,2,0,1
BRDA:25,2,1,1
BRDA:25,2,2,0
BRDA:25,3,0,1
BRDA:25,3,1,1
BRF:8
BRH:6
end_of_record
TN:
SF:/Users/meron/Documents/private/gurps/gurpsDomain/GurpsyMcGurpsFace/src/app/services/front-end/sheet-body/sheet-body.service.ts
FN:6,(anonymous_2)
FN:13,SheetBodyService
FN:22,(anonymous_4)
FN:27,(anonymous_5)
FN:38,(anonymous_6)
FN:39,(anonymous_7)
FN:40,(anonymous_8)
FN:42,(anonymous_9)
FN:45,(anonymous_10)
FN:50,(anonymous_11)
FNF:10
FNH:9
FNDA:1,(anonymous_2)
FNDA:5,SheetBodyService
FNDA:5,(anonymous_4)
FNDA:10,(anonymous_5)
FNDA:5,(anonymous_6)
FNDA:0,(anonymous_7)
FNDA:5,(anonymous_8)
FNDA:5,(anonymous_9)
FNDA:10,(anonymous_10)
FNDA:1,(anonymous_11)
DA:1,1
DA:2,1
DA:3,1
DA:6,1
DA:8,5
DA:9,5
DA:11,5
DA:13,5
DA:14,5
DA:22,1
DA:23,5
DA:24,5
DA:27,1
DA:29,10
DA:30,0
DA:31,0
DA:34,10
DA:35,10
DA:38,5
DA:39,5
DA:40,0
DA:41,5
DA:42,5
DA:45,1
DA:46,10
DA:48,1
DA:50,1
DA:51,1
DA:52,1
DA:53,1
DA:54,1
DA:55,1
DA:56,1
LF:33
LH:30
BRDA:29,0,0,0
BRDA:29,0,1,10
BRDA:13,1,0,1
BRDA:13,1,1,0
BRDA:13,2,0,1
BRDA:50,3,0,1
BRDA:50,3,1,1
BRF:7
BRH:5
end_of_record
TN:
SF:/Users/meron/Documents/private/gurps/gurpsDomain/GurpsyMcGurpsFace/src/scripts/gurpsy-loader.js
FNF:0
FNH:0
DA:1,1
LF:1
LH:1
BRF:0
BRH:0
end_of_record
